<?xml version="1.0" encoding="UTF-8"?>
<!-- Generated by org.testng.reporters.JUnitXMLReporter -->
<testsuite hostname="DESKTOP-NM05SVP" ignored="0" name="Delete Portfolio Test" tests="1" failures="1" timestamp="04 Aug 2018 15:59:12 GMT" time="54.015" errors="0">
  <testcase name="deletePortFolioTest" time="51.041" classname="com.qtpselenium.testcases.DeletePortfolioTest">
    <failure type="org.openqa.selenium.NoSuchElementException" message="Cannot locate element with text: 111
For documentation on this error, please visit: http://seleniumhq.org/exceptions/no_such_element.html
Build info: version: &amp;apos;3.13.0&amp;apos;, revision: &amp;apos;2f0d292&amp;apos;, time: &amp;apos;2018-06-25T15:24:21.231Z&amp;apos;
System info: host: &amp;apos;DESKTOP-NM05SVP&amp;apos;, ip: &amp;apos;192.168.1.14&amp;apos;, os.name: &amp;apos;Windows 8.1&amp;apos;, os.arch: &amp;apos;amd64&amp;apos;, os.version: &amp;apos;6.3&amp;apos;, java.version: &amp;apos;1.8.0_05&amp;apos;
Driver info: driver.version: unknown">
      <![CDATA[org.openqa.selenium.NoSuchElementException: Cannot locate element with text: 111
For documentation on this error, please visit: http://seleniumhq.org/exceptions/no_such_element.html
Build info: version: '3.13.0', revision: '2f0d292', time: '2018-06-25T15:24:21.231Z'
System info: host: 'DESKTOP-NM05SVP', ip: '192.168.1.14', os.name: 'Windows 8.1', os.arch: 'amd64', os.version: '6.3', java.version: '1.8.0_05'
Driver info: driver.version: unknown
	at org.openqa.selenium.support.ui.Select.selectByVisibleText(Select.java:151)
	at com.qtpselenium.hybrid.rediff.keywords.GenericKeywords.select(GenericKeywords.java:101)
	at com.qtpselenium.hybrid.rediff.driver.DriverScript.executeKeywords(DriverScript.java:61)
	at com.qtpselenium.testcases.DeletePortfolioTest.deletePortFolioTest(DeletePortfolioTest.java:51)
... Removed 24 stack frames]]>
    </failure>
  </testcase> <!-- deletePortFolioTest -->
</testsuite> <!-- Delete Portfolio Test -->
