<!DOCTYPE html PUBLIC "-//W3C//DTD XHTML 1.1//EN" "http://www.w3.org/TR/xhtml11/DTD/xhtml11.dtd">
<html xmlns="http://www.w3.org/1999/xhtml"><head><title>TestNG Report</title><style type="text/css">table {margin-bottom:10px;border-collapse:collapse;empty-cells:show}th,td {border:1px solid #009;padding:.25em .5em}th {vertical-align:bottom}td {vertical-align:top}table a {font-weight:bold}.stripe td {background-color: #E6EBF9}.num {text-align:right}.passedodd td {background-color: #3F3}.passedeven td {background-color: #0A0}.skippedodd td {background-color: #DDD}.skippedeven td {background-color: #CCC}.failedodd td,.attn {background-color: #F33}.failedeven td,.stripe .attn {background-color: #D00}.stacktrace {white-space:pre;font-family:monospace}.totop {font-size:85%;text-align:center;border-bottom:2px solid #000}</style></head><body><table><tr><th>Test</th><th># Passed</th><th># Skipped</th><th># Failed</th><th>Time (ms)</th><th>Included Groups</th><th>Excluded Groups</th></tr><tr><th colspan="7">My Sample Suite</th></tr><tr><td><a href="#t0">Login Test</a></td><td class="num">1</td><td class="num attn">1</td><td class="num">0</td><td class="num">62,082</td><td></td><td></td></tr><tr class="stripe"><td><a href="#t1">Create Portfolio Test</a></td><td class="num">2</td><td class="num">0</td><td class="num">0</td><td class="num">67,100</td><td></td><td></td></tr><tr><td><a href="#t2">Delete Portfolio Test</a></td><td class="num">0</td><td class="num">0</td><td class="num attn">1</td><td class="num">54,015</td><td></td><td></td></tr><tr><th>Total</th><th class="num">3</th><th class="num attn">1</th><th class="num attn">1</th><th class="num">183,197</th><th colspan="2"></th></tr></table><table><thead><tr><th>Class</th><th>Method</th><th>Start</th><th>Time (ms)</th></tr></thead><tbody><tr><th colspan="4">My Sample Suite</th></tr></tbody><tbody id="t0"><tr><th colspan="4">Login Test &#8212; failed (configuration methods)</th></tr><tr class="failedeven"><td rowspan="1">com.qtpselenium.testcases.LoginTest</td><td><a href="#m0">quit</a></td><td rowspan="1">1533398230590</td><td rowspan="1">0</td></tr><tr><th colspan="4">Login Test &#8212; skipped</th></tr><tr class="skippedeven"><td rowspan="1">com.qtpselenium.testcases.LoginTest</td><td><a href="#m1">doLogin</a></td><td rowspan="1">1533398230589</td><td rowspan="1">1</td></tr><tr><th colspan="4">Login Test &#8212; passed</th></tr><tr class="passedeven"><td rowspan="1">com.qtpselenium.testcases.LoginTest</td><td><a href="#m2">doLogin</a></td><td rowspan="1">1533398169939</td><td rowspan="1">57864</td></tr></tbody><tbody id="t1"><tr><th colspan="4">Create Portfolio Test &#8212; passed</th></tr><tr class="passedeven"><td rowspan="2">com.qtpselenium.testcases.CreatePortfolioTest</td><td><a href="#m3">createLead</a></td><td rowspan="2">1533398230970</td><td rowspan="2">28782</td></tr><tr class="passedeven"><td><a href="#m4">createLead</a></td></tr></tbody><tbody id="t2"><tr><th colspan="4">Delete Portfolio Test &#8212; failed</th></tr><tr class="failedeven"><td rowspan="1">com.qtpselenium.testcases.DeletePortfolioTest</td><td><a href="#m5">deletePortFolioTest</a></td><td rowspan="1">1533398298205</td><td rowspan="1">51041</td></tr></tbody></table><h2>Login Test</h2><h3 id="m0">com.qtpselenium.testcases.LoginTest#quit</h3><table class="result"><tr><th>Exception</th></tr><tr><td><div class="stacktrace">java.lang.NullPointerException
	at com.qtpselenium.hybrid.rediff.driver.DriverScript.quit(DriverScript.java:71)
	at com.qtpselenium.testcases.LoginTest.quit(LoginTest.java:36)
... Removed 26 stack frames</div></td></tr></table><p class="totop"><a href="#summary">back to summary</a></p><h3 id="m1">com.qtpselenium.testcases.LoginTest#doLogin</h3><table class="result"><tr class="param"><th>Parameter #1</th></tr><tr class="param stripe"><td>{Username=ashishthakur1983, ExpectedResult=success, Password=pass@1234, Runmode=N, Browser=Mozilla}</td></tr><tr><th>Exception</th></tr><tr><td><div class="stacktrace">org.testng.SkipException: Skipping the test as runmode is NO
	at com.qtpselenium.testcases.LoginTest.doLogin(LoginTest.java:43)
... Removed 24 stack frames</div></td></tr></table><p class="totop"><a href="#summary">back to summary</a></p><h3 id="m2">com.qtpselenium.testcases.LoginTest#doLogin</h3><table class="result"><tr class="param"><th>Parameter #1</th></tr><tr class="param stripe"><td>{Username=ashishthakur1983, ExpectedResult=success, Password=pass@1234, Runmode=Y, Browser=Chrome}</td></tr></table><p class="totop"><a href="#summary">back to summary</a></p><h2>Create Portfolio Test</h2><h3 id="m3">com.qtpselenium.testcases.CreatePortfolioTest#createLead</h3><table class="result"><tr class="param"><th>Parameter #1</th></tr><tr class="param stripe"><td>{PortFolioName=SamplePortfolio, Runmode=Y, Browser=Chrome}</td></tr></table><p class="totop"><a href="#summary">back to summary</a></p><h3 id="m4">com.qtpselenium.testcases.CreatePortfolioTest#createLead</h3><table class="result"><tr class="param"><th>Parameter #1</th></tr><tr class="param stripe"><td>{PortFolioName=SamplePortfolio, Runmode=Y, Browser=Mozilla}</td></tr></table><p class="totop"><a href="#summary">back to summary</a></p><h2>Delete Portfolio Test</h2><h3 id="m5">com.qtpselenium.testcases.DeletePortfolioTest#deletePortFolioTest</h3><table class="result"><tr class="param"><th>Parameter #1</th></tr><tr class="param stripe"><td>{Runmode=Y, Portfolioname=111, Browser=Chrome}</td></tr><tr><th>Exception</th></tr><tr><td><div class="stacktrace">org.openqa.selenium.NoSuchElementException: Cannot locate element with text: 111
For documentation on this error, please visit: http://seleniumhq.org/exceptions/no_such_element.html
Build info: version: &apos;3.13.0&apos;, revision: &apos;2f0d292&apos;, time: &apos;2018-06-25T15:24:21.231Z&apos;
System info: host: &apos;DESKTOP-NM05SVP&apos;, ip: &apos;192.168.1.14&apos;, os.name: &apos;Windows 8.1&apos;, os.arch: &apos;amd64&apos;, os.version: &apos;6.3&apos;, java.version: &apos;1.8.0_05&apos;
Driver info: driver.version: unknown
	at org.openqa.selenium.support.ui.Select.selectByVisibleText(Select.java:151)
	at com.qtpselenium.hybrid.rediff.keywords.GenericKeywords.select(GenericKeywords.java:101)
	at com.qtpselenium.hybrid.rediff.driver.DriverScript.executeKeywords(DriverScript.java:61)
	at com.qtpselenium.testcases.DeletePortfolioTest.deletePortFolioTest(DeletePortfolioTest.java:51)
... Removed 24 stack frames</div></td></tr></table><p class="totop"><a href="#summary">back to summary</a></p></body></html>