<?xml version="1.0" encoding="UTF-8"?>
<testng-results skipped="1" failed="1" ignored="0" total="5" passed="3">
  <reporter-output>
  </reporter-output>
  <suite name="My Sample Suite" duration-ms="183482" started-at="2018-08-04T15:56:08Z" finished-at="2018-08-04T15:59:12Z">
    <groups>
    </groups>
    <test name="Login Test" duration-ms="62082" started-at="2018-08-04T15:56:08Z" finished-at="2018-08-04T15:57:10Z">
      <class name="com.qtpselenium.testcases.LoginTest">
        <test-method status="PASS" signature="init()[pri:0, instance:com.qtpselenium.testcases.LoginTest@1df82230]" name="init" is-config="true" duration-ms="1035" started-at="2018-08-04T21:26:08Z" finished-at="2018-08-04T21:26:09Z">
          <reporter-output>
          </reporter-output>
        </test-method> <!-- init -->
        <test-method status="PASS" signature="doLogin(java.util.Hashtable)[pri:0, instance:com.qtpselenium.testcases.LoginTest@1df82230]" name="doLogin" duration-ms="57864" started-at="2018-08-04T21:26:09Z" data-provider="getData" finished-at="2018-08-04T21:27:07Z">
          <params>
            <param index="0">
              <value>
                <![CDATA[{Username=ashishthakur1983, ExpectedResult=success, Password=pass@1234, Runmode=Y, Browser=Chrome}]]>
              </value>
            </param>
          </params>
          <reporter-output>
          </reporter-output>
        </test-method> <!-- doLogin -->
        <test-method status="PASS" signature="quit()[pri:0, instance:com.qtpselenium.testcases.LoginTest@1df82230]" name="quit" is-config="true" duration-ms="2784" started-at="2018-08-04T21:27:07Z" finished-at="2018-08-04T21:27:10Z">
          <reporter-output>
          </reporter-output>
        </test-method> <!-- quit -->
        <test-method status="PASS" signature="init()[pri:0, instance:com.qtpselenium.testcases.LoginTest@1df82230]" name="init" is-config="true" duration-ms="1" started-at="2018-08-04T21:27:10Z" finished-at="2018-08-04T21:27:10Z">
          <reporter-output>
          </reporter-output>
        </test-method> <!-- init -->
        <test-method status="SKIP" signature="doLogin(java.util.Hashtable)[pri:0, instance:com.qtpselenium.testcases.LoginTest@1df82230]" name="doLogin" duration-ms="1" started-at="2018-08-04T21:27:10Z" data-provider="getData" finished-at="2018-08-04T21:27:10Z">
          <params>
            <param index="0">
              <value>
                <![CDATA[{Username=ashishthakur1983, ExpectedResult=success, Password=pass@1234, Runmode=N, Browser=Mozilla}]]>
              </value>
            </param>
          </params>
          <exception class="org.testng.SkipException">
            <message>
              <![CDATA[Skipping the test as runmode is NO]]>
            </message>
            <full-stacktrace>
              <![CDATA[org.testng.SkipException: Skipping the test as runmode is NO
	at com.qtpselenium.testcases.LoginTest.doLogin(LoginTest.java:43)
	at sun.reflect.NativeMethodAccessorImpl.invoke0(Native Method)
	at sun.reflect.NativeMethodAccessorImpl.invoke(NativeMethodAccessorImpl.java:62)
	at sun.reflect.DelegatingMethodAccessorImpl.invoke(DelegatingMethodAccessorImpl.java:43)
	at java.lang.reflect.Method.invoke(Method.java:483)
	at org.testng.internal.MethodInvocationHelper.invokeMethod(MethodInvocationHelper.java:104)
	at org.testng.internal.Invoker.invokeMethod(Invoker.java:645)
	at org.testng.internal.Invoker.invokeTestMethod(Invoker.java:851)
	at org.testng.internal.Invoker.invokeTestMethods(Invoker.java:1177)
	at org.testng.internal.TestMethodWorker.invokeTestMethods(TestMethodWorker.java:129)
	at org.testng.internal.TestMethodWorker.run(TestMethodWorker.java:112)
	at org.testng.TestRunner.privateRun(TestRunner.java:756)
	at org.testng.TestRunner.run(TestRunner.java:610)
	at org.testng.SuiteRunner.runTest(SuiteRunner.java:387)
	at org.testng.SuiteRunner.runSequentially(SuiteRunner.java:382)
	at org.testng.SuiteRunner.privateRun(SuiteRunner.java:340)
	at org.testng.SuiteRunner.run(SuiteRunner.java:289)
	at org.testng.SuiteRunnerWorker.runSuite(SuiteRunnerWorker.java:52)
	at org.testng.SuiteRunnerWorker.run(SuiteRunnerWorker.java:86)
	at org.testng.TestNG.runSuitesSequentially(TestNG.java:1293)
	at org.testng.TestNG.runSuitesLocally(TestNG.java:1218)
	at org.testng.TestNG.runSuites(TestNG.java:1133)
	at org.testng.TestNG.run(TestNG.java:1104)
	at org.testng.TestNG.privateMain(TestNG.java:1434)
	at org.testng.TestNG.main(TestNG.java:1403)
]]>
            </full-stacktrace>
          </exception> <!-- org.testng.SkipException -->
          <reporter-output>
          </reporter-output>
        </test-method> <!-- doLogin -->
        <test-method status="FAIL" signature="quit()[pri:0, instance:com.qtpselenium.testcases.LoginTest@1df82230]" name="quit" is-config="true" duration-ms="0" started-at="2018-08-04T21:27:10Z" finished-at="2018-08-04T21:27:10Z">
          <exception class="java.lang.NullPointerException">
            <full-stacktrace>
              <![CDATA[java.lang.NullPointerException
	at com.qtpselenium.hybrid.rediff.driver.DriverScript.quit(DriverScript.java:71)
	at com.qtpselenium.testcases.LoginTest.quit(LoginTest.java:36)
	at sun.reflect.NativeMethodAccessorImpl.invoke0(Native Method)
	at sun.reflect.NativeMethodAccessorImpl.invoke(NativeMethodAccessorImpl.java:62)
	at sun.reflect.DelegatingMethodAccessorImpl.invoke(DelegatingMethodAccessorImpl.java:43)
	at java.lang.reflect.Method.invoke(Method.java:483)
	at org.testng.internal.MethodInvocationHelper.invokeMethod(MethodInvocationHelper.java:104)
	at org.testng.internal.Invoker.invokeConfigurationMethod(Invoker.java:515)
	at org.testng.internal.Invoker.invokeConfigurations(Invoker.java:217)
	at org.testng.internal.Invoker.invokeMethod(Invoker.java:712)
	at org.testng.internal.Invoker.invokeTestMethod(Invoker.java:851)
	at org.testng.internal.Invoker.invokeTestMethods(Invoker.java:1177)
	at org.testng.internal.TestMethodWorker.invokeTestMethods(TestMethodWorker.java:129)
	at org.testng.internal.TestMethodWorker.run(TestMethodWorker.java:112)
	at org.testng.TestRunner.privateRun(TestRunner.java:756)
	at org.testng.TestRunner.run(TestRunner.java:610)
	at org.testng.SuiteRunner.runTest(SuiteRunner.java:387)
	at org.testng.SuiteRunner.runSequentially(SuiteRunner.java:382)
	at org.testng.SuiteRunner.privateRun(SuiteRunner.java:340)
	at org.testng.SuiteRunner.run(SuiteRunner.java:289)
	at org.testng.SuiteRunnerWorker.runSuite(SuiteRunnerWorker.java:52)
	at org.testng.SuiteRunnerWorker.run(SuiteRunnerWorker.java:86)
	at org.testng.TestNG.runSuitesSequentially(TestNG.java:1293)
	at org.testng.TestNG.runSuitesLocally(TestNG.java:1218)
	at org.testng.TestNG.runSuites(TestNG.java:1133)
	at org.testng.TestNG.run(TestNG.java:1104)
	at org.testng.TestNG.privateMain(TestNG.java:1434)
	at org.testng.TestNG.main(TestNG.java:1403)
]]>
            </full-stacktrace>
          </exception> <!-- java.lang.NullPointerException -->
          <reporter-output>
          </reporter-output>
        </test-method> <!-- quit -->
      </class> <!-- com.qtpselenium.testcases.LoginTest -->
    </test> <!-- Login Test -->
    <test name="Create Portfolio Test" duration-ms="67100" started-at="2018-08-04T15:57:10Z" finished-at="2018-08-04T15:58:18Z">
      <class name="com.qtpselenium.testcases.CreatePortfolioTest">
        <test-method status="PASS" signature="init()[pri:0, instance:com.qtpselenium.testcases.CreatePortfolioTest@6ce139a4]" name="init" is-config="true" duration-ms="1" started-at="2018-08-04T21:27:10Z" finished-at="2018-08-04T21:27:10Z">
          <reporter-output>
          </reporter-output>
        </test-method> <!-- init -->
        <test-method status="PASS" signature="createLead(java.util.Hashtable)[pri:0, instance:com.qtpselenium.testcases.CreatePortfolioTest@6ce139a4]" name="createLead" duration-ms="28782" started-at="2018-08-04T21:27:10Z" data-provider="getData" finished-at="2018-08-04T21:27:39Z">
          <params>
            <param index="0">
              <value>
                <![CDATA[{PortFolioName=SamplePortfolio, Runmode=Y, Browser=Chrome}]]>
              </value>
            </param>
          </params>
          <reporter-output>
          </reporter-output>
        </test-method> <!-- createLead -->
        <test-method status="PASS" signature="quit()[pri:0, instance:com.qtpselenium.testcases.CreatePortfolioTest@6ce139a4]" name="quit" is-config="true" duration-ms="1355" started-at="2018-08-04T21:27:39Z" finished-at="2018-08-04T21:27:41Z">
          <reporter-output>
          </reporter-output>
        </test-method> <!-- quit -->
        <test-method status="PASS" signature="init()[pri:0, instance:com.qtpselenium.testcases.CreatePortfolioTest@6ce139a4]" name="init" is-config="true" duration-ms="0" started-at="2018-08-04T21:27:41Z" finished-at="2018-08-04T21:27:41Z">
          <reporter-output>
          </reporter-output>
        </test-method> <!-- init -->
        <test-method status="PASS" signature="createLead(java.util.Hashtable)[pri:0, instance:com.qtpselenium.testcases.CreatePortfolioTest@6ce139a4]" name="createLead" duration-ms="35104" started-at="2018-08-04T21:27:41Z" data-provider="getData" finished-at="2018-08-04T21:28:16Z">
          <params>
            <param index="0">
              <value>
                <![CDATA[{PortFolioName=SamplePortfolio, Runmode=Y, Browser=Mozilla}]]>
              </value>
            </param>
          </params>
          <reporter-output>
          </reporter-output>
        </test-method> <!-- createLead -->
        <test-method status="PASS" signature="quit()[pri:0, instance:com.qtpselenium.testcases.CreatePortfolioTest@6ce139a4]" name="quit" is-config="true" duration-ms="1855" started-at="2018-08-04T21:28:16Z" finished-at="2018-08-04T21:28:18Z">
          <reporter-output>
          </reporter-output>
        </test-method> <!-- quit -->
      </class> <!-- com.qtpselenium.testcases.CreatePortfolioTest -->
    </test> <!-- Create Portfolio Test -->
    <test name="Delete Portfolio Test" duration-ms="54015" started-at="2018-08-04T15:58:18Z" finished-at="2018-08-04T15:59:12Z">
      <class name="com.qtpselenium.testcases.DeletePortfolioTest">
        <test-method status="FAIL" signature="deletePortFolioTest(java.util.Hashtable)[pri:0, instance:com.qtpselenium.testcases.DeletePortfolioTest@7ee955a8]" name="deletePortFolioTest" duration-ms="51041" started-at="2018-08-04T21:28:18Z" data-provider="getData" finished-at="2018-08-04T21:29:09Z">
          <params>
            <param index="0">
              <value>
                <![CDATA[{Runmode=Y, Portfolioname=111, Browser=Chrome}]]>
              </value>
            </param>
          </params>
          <exception class="org.openqa.selenium.NoSuchElementException">
            <message>
              <![CDATA[Cannot locate element with text: 111
For documentation on this error, please visit: http://seleniumhq.org/exceptions/no_such_element.html
Build info: version: '3.13.0', revision: '2f0d292', time: '2018-06-25T15:24:21.231Z'
System info: host: 'DESKTOP-NM05SVP', ip: '192.168.1.14', os.name: 'Windows 8.1', os.arch: 'amd64', os.version: '6.3', java.version: '1.8.0_05'
Driver info: driver.version: unknown]]>
            </message>
            <full-stacktrace>
              <![CDATA[org.openqa.selenium.NoSuchElementException: Cannot locate element with text: 111
For documentation on this error, please visit: http://seleniumhq.org/exceptions/no_such_element.html
Build info: version: '3.13.0', revision: '2f0d292', time: '2018-06-25T15:24:21.231Z'
System info: host: 'DESKTOP-NM05SVP', ip: '192.168.1.14', os.name: 'Windows 8.1', os.arch: 'amd64', os.version: '6.3', java.version: '1.8.0_05'
Driver info: driver.version: unknown
	at org.openqa.selenium.support.ui.Select.selectByVisibleText(Select.java:151)
	at com.qtpselenium.hybrid.rediff.keywords.GenericKeywords.select(GenericKeywords.java:101)
	at com.qtpselenium.hybrid.rediff.driver.DriverScript.executeKeywords(DriverScript.java:61)
	at com.qtpselenium.testcases.DeletePortfolioTest.deletePortFolioTest(DeletePortfolioTest.java:51)
	at sun.reflect.NativeMethodAccessorImpl.invoke0(Native Method)
	at sun.reflect.NativeMethodAccessorImpl.invoke(NativeMethodAccessorImpl.java:62)
	at sun.reflect.DelegatingMethodAccessorImpl.invoke(DelegatingMethodAccessorImpl.java:43)
	at java.lang.reflect.Method.invoke(Method.java:483)
	at org.testng.internal.MethodInvocationHelper.invokeMethod(MethodInvocationHelper.java:104)
	at org.testng.internal.Invoker.invokeMethod(Invoker.java:645)
	at org.testng.internal.Invoker.invokeTestMethod(Invoker.java:851)
	at org.testng.internal.Invoker.invokeTestMethods(Invoker.java:1177)
	at org.testng.internal.TestMethodWorker.invokeTestMethods(TestMethodWorker.java:129)
	at org.testng.internal.TestMethodWorker.run(TestMethodWorker.java:112)
	at org.testng.TestRunner.privateRun(TestRunner.java:756)
	at org.testng.TestRunner.run(TestRunner.java:610)
	at org.testng.SuiteRunner.runTest(SuiteRunner.java:387)
	at org.testng.SuiteRunner.runSequentially(SuiteRunner.java:382)
	at org.testng.SuiteRunner.privateRun(SuiteRunner.java:340)
	at org.testng.SuiteRunner.run(SuiteRunner.java:289)
	at org.testng.SuiteRunnerWorker.runSuite(SuiteRunnerWorker.java:52)
	at org.testng.SuiteRunnerWorker.run(SuiteRunnerWorker.java:86)
	at org.testng.TestNG.runSuitesSequentially(TestNG.java:1293)
	at org.testng.TestNG.runSuitesLocally(TestNG.java:1218)
	at org.testng.TestNG.runSuites(TestNG.java:1133)
	at org.testng.TestNG.run(TestNG.java:1104)
	at org.testng.TestNG.privateMain(TestNG.java:1434)
	at org.testng.TestNG.main(TestNG.java:1403)
]]>
            </full-stacktrace>
          </exception> <!-- org.openqa.selenium.NoSuchElementException -->
          <reporter-output>
          </reporter-output>
        </test-method> <!-- deletePortFolioTest -->
        <test-method status="PASS" signature="init()[pri:0, instance:com.qtpselenium.testcases.DeletePortfolioTest@7ee955a8]" name="init" is-config="true" duration-ms="0" started-at="2018-08-04T21:28:18Z" finished-at="2018-08-04T21:28:18Z">
          <reporter-output>
          </reporter-output>
        </test-method> <!-- init -->
        <test-method status="PASS" signature="quit()[pri:0, instance:com.qtpselenium.testcases.DeletePortfolioTest@7ee955a8]" name="quit" is-config="true" duration-ms="2966" started-at="2018-08-04T21:29:09Z" finished-at="2018-08-04T21:29:12Z">
          <reporter-output>
          </reporter-output>
        </test-method> <!-- quit -->
      </class> <!-- com.qtpselenium.testcases.DeletePortfolioTest -->
    </test> <!-- Delete Portfolio Test -->
  </suite> <!-- My Sample Suite -->
</testng-results>
